2025-02-02 07:07:59.169 [background-preinit] INFO  o.h.validator.internal.util.Version - HV000001: Hibernate Validator 8.0.2.Final - 
2025-02-02 07:07:59.400 [main] INFO  com.sto.repair.RepairApplication - Starting RepairApplication v0.0.1-SNAPSHOT using Java 21.0.6 with PID 1 (/app/app.jar started by root in /app) - 
2025-02-02 07:07:59.404 [main] INFO  com.sto.repair.RepairApplication - The following 1 profile is active: "test" - 
2025-02-02 07:08:01.499 [main] INFO  o.s.d.r.c.RepositoryConfigurationDelegate - Bootstrapping Spring Data JPA repositories in DEFAULT mode. - 
2025-02-02 07:08:01.738 [main] INFO  o.s.d.r.c.RepositoryConfigurationDelegate - Finished Spring Data repository scanning in 213 ms. Found 3 JPA repository interfaces. - 
2025-02-02 07:08:04.327 [main] INFO  o.s.b.w.e.tomcat.TomcatWebServer - Tomcat initialized with port 8091 (http) - 
2025-02-02 07:08:04.389 [main] INFO  o.a.coyote.http11.Http11NioProtocol - Initializing ProtocolHandler ["http-nio-8091"] - 
2025-02-02 07:08:04.400 [main] INFO  o.a.catalina.core.StandardService - Starting service [Tomcat] - 
2025-02-02 07:08:04.402 [main] INFO  o.a.catalina.core.StandardEngine - Starting Servlet engine: [Apache Tomcat/10.1.34] - 
2025-02-02 07:08:04.517 [main] INFO  o.a.c.c.C.[Tomcat].[localhost].[/] - Initializing Spring embedded WebApplicationContext - 
2025-02-02 07:08:04.519 [main] INFO  o.s.b.w.s.c.ServletWebServerApplicationContext - Root WebApplicationContext: initialization completed in 4982 ms - 
2025-02-02 07:08:06.273 [main] INFO  liquibase.database - Set default schema name to public - 
2025-02-02 07:08:07.661 [main] INFO  liquibase.changelog - Reading resource: db/changelog/20250131_init.xml - 
2025-02-02 07:08:07.794 [main] INFO  liquibase.changelog - Reading resource: db/changelog/20250201_insert_issue_code.xml - 
2025-02-02 07:08:08.133 [main] INFO  liquibase.changelog - Reading from public.databasechangelog - 
2025-02-02 07:08:08.365 [main] INFO  liquibase.ui - Database is up to date, no changesets to execute - 
2025-02-02 07:08:08.372 [main] INFO  liquibase.changelog - Reading from public.databasechangelog - 
2025-02-02 07:08:08.400 [main] INFO  liquibase.util - UPDATE SUMMARY - 
2025-02-02 07:08:08.402 [main] INFO  liquibase.util - Run:                          0 - 
2025-02-02 07:08:08.403 [main] INFO  liquibase.util - Previously run:               8 - 
2025-02-02 07:08:08.404 [main] INFO  liquibase.util - Filtered out:                 0 - 
2025-02-02 07:08:08.405 [main] INFO  liquibase.util - ------------------------------- - 
2025-02-02 07:08:08.406 [main] INFO  liquibase.util - Total change sets:            8 - 
2025-02-02 07:08:08.410 [main] INFO  liquibase.util - Update summary generated - 
2025-02-02 07:08:08.413 [main] INFO  liquibase.command - Command execution complete - 
2025-02-02 07:08:08.555 [main] INFO  com.zaxxer.hikari.HikariDataSource - HikariPool-1 - Starting... - 
2025-02-02 07:08:08.622 [main] INFO  com.zaxxer.hikari.pool.HikariPool - HikariPool-1 - Added connection org.postgresql.jdbc.PgConnection@5a51336a - 
2025-02-02 07:08:08.627 [main] INFO  com.zaxxer.hikari.HikariDataSource - HikariPool-1 - Start completed. - 
2025-02-02 07:08:08.754 [main] INFO  o.h.jpa.internal.util.LogHelper - HHH000204: Processing PersistenceUnitInfo [name: default] - 
2025-02-02 07:08:08.885 [main] INFO  org.hibernate.Version - HHH000412: Hibernate ORM core version 6.6.5.Final - 
2025-02-02 07:08:08.965 [main] INFO  o.h.c.i.RegionFactoryInitiator - HHH000026: Second-level cache disabled - 
2025-02-02 07:08:09.548 [main] INFO  o.s.o.j.p.SpringPersistenceUnitInfo - No LoadTimeWeaver setup: ignoring JPA class transformer - 
2025-02-02 07:08:09.674 [main] WARN  org.hibernate.orm.deprecation - HHH90000025: PostgreSQLDialect does not need to be specified explicitly using 'hibernate.dialect' (remove the property setting and it will be selected by default) - 
2025-02-02 07:08:09.713 [main] INFO  o.hibernate.orm.connections.pooling - HHH10001005: Database info:
	Database JDBC URL [Connecting through datasource 'HikariDataSource (HikariPool-1)']
	Database driver: undefined/unknown
	Database version: 15.3
	Autocommit mode: undefined/unknown
	Isolation level: undefined/unknown
	Minimum pool size: undefined/unknown
	Maximum pool size: undefined/unknown - 
2025-02-02 07:08:12.310 [main] INFO  o.h.e.t.j.p.i.JtaPlatformInitiator - HHH000489: No JTA platform available (set 'hibernate.transaction.jta.platform' to enable JTA platform integration) - 
2025-02-02 07:08:12.316 [main] INFO  o.s.o.j.LocalContainerEntityManagerFactoryBean - Initialized JPA EntityManagerFactory for persistence unit 'default' - 
2025-02-02 07:08:13.719 [main] WARN  o.s.b.a.o.j.JpaBaseConfiguration$JpaWebConfiguration - spring.jpa.open-in-view is enabled by default. Therefore, database queries may be performed during view rendering. Explicitly configure spring.jpa.open-in-view to disable this warning - 
2025-02-02 07:08:14.910 [main] INFO  o.a.coyote.http11.Http11NioProtocol - Starting ProtocolHandler ["http-nio-8091"] - 
2025-02-02 07:08:14.942 [main] INFO  o.s.b.w.e.tomcat.TomcatWebServer - Tomcat started on port 8091 (http) with context path '/' - 
2025-02-02 07:08:15.025 [main] INFO  o.a.k.c.consumer.ConsumerConfig - ConsumerConfig values: 
	allow.auto.create.topics = true
	auto.commit.interval.ms = 5000
	auto.include.jmx.reporter = true
	auto.offset.reset = latest
	bootstrap.servers = [kafka:9092]
	check.crcs = true
	client.dns.lookup = use_all_dns_ips
	client.id = consumer-my-group-1
	client.rack = 
	connections.max.idle.ms = 540000
	default.api.timeout.ms = 60000
	enable.auto.commit = false
	enable.metrics.push = true
	exclude.internal.topics = true
	fetch.max.bytes = 52428800
	fetch.max.wait.ms = 500
	fetch.min.bytes = 1
	group.id = my-group
	group.instance.id = null
	group.protocol = classic
	group.remote.assignor = null
	heartbeat.interval.ms = 3000
	interceptor.classes = []
	internal.leave.group.on.close = true
	internal.throw.on.fetch.stable.offset.unsupported = false
	isolation.level = read_uncommitted
	key.deserializer = class org.apache.kafka.common.serialization.StringDeserializer
	max.partition.fetch.bytes = 1048576
	max.poll.interval.ms = 300000
	max.poll.records = 500
	metadata.max.age.ms = 300000
	metadata.recovery.strategy = none
	metric.reporters = []
	metrics.num.samples = 2
	metrics.recording.level = INFO
	metrics.sample.window.ms = 30000
	partition.assignment.strategy = [class org.apache.kafka.clients.consumer.RangeAssignor, class org.apache.kafka.clients.consumer.CooperativeStickyAssignor]
	receive.buffer.bytes = 65536
	reconnect.backoff.max.ms = 1000
	reconnect.backoff.ms = 50
	request.timeout.ms = 30000
	retry.backoff.max.ms = 1000
	retry.backoff.ms = 100
	sasl.client.callback.handler.class = null
	sasl.jaas.config = null
	sasl.kerberos.kinit.cmd = /usr/bin/kinit
	sasl.kerberos.min.time.before.relogin = 60000
	sasl.kerberos.service.name = null
	sasl.kerberos.ticket.renew.jitter = 0.05
	sasl.kerberos.ticket.renew.window.factor = 0.8
	sasl.login.callback.handler.class = null
	sasl.login.class = null
	sasl.login.connect.timeout.ms = null
	sasl.login.read.timeout.ms = null
	sasl.login.refresh.buffer.seconds = 300
	sasl.login.refresh.min.period.seconds = 60
	sasl.login.refresh.window.factor = 0.8
	sasl.login.refresh.window.jitter = 0.05
	sasl.login.retry.backoff.max.ms = 10000
	sasl.login.retry.backoff.ms = 100
	sasl.mechanism = GSSAPI
	sasl.oauthbearer.clock.skew.seconds = 30
	sasl.oauthbearer.expected.audience = null
	sasl.oauthbearer.expected.issuer = null
	sasl.oauthbearer.jwks.endpoint.refresh.ms = 3600000
	sasl.oauthbearer.jwks.endpoint.retry.backoff.max.ms = 10000
	sasl.oauthbearer.jwks.endpoint.retry.backoff.ms = 100
	sasl.oauthbearer.jwks.endpoint.url = null
	sasl.oauthbearer.scope.claim.name = scope
	sasl.oauthbearer.sub.claim.name = sub
	sasl.oauthbearer.token.endpoint.url = null
	security.protocol = PLAINTEXT
	security.providers = null
	send.buffer.bytes = 131072
	session.timeout.ms = 45000
	socket.connection.setup.timeout.max.ms = 30000
	socket.connection.setup.timeout.ms = 10000
	ssl.cipher.suites = null
	ssl.enabled.protocols = [TLSv1.2, TLSv1.3]
	ssl.endpoint.identification.algorithm = https
	ssl.engine.factory.class = null
	ssl.key.password = null
	ssl.keymanager.algorithm = SunX509
	ssl.keystore.certificate.chain = null
	ssl.keystore.key = null
	ssl.keystore.location = null
	ssl.keystore.password = null
	ssl.keystore.type = JKS
	ssl.protocol = TLSv1.3
	ssl.provider = null
	ssl.secure.random.implementation = null
	ssl.trustmanager.algorithm = PKIX
	ssl.truststore.certificates = null
	ssl.truststore.location = null
	ssl.truststore.password = null
	ssl.truststore.type = JKS
	value.deserializer = class org.apache.kafka.common.serialization.StringDeserializer
 - 
2025-02-02 07:08:15.116 [main] INFO  o.a.k.c.t.i.KafkaMetricsCollector - initializing Kafka metrics collector - 
2025-02-02 07:08:15.467 [main] INFO  o.a.kafka.common.utils.AppInfoParser - Kafka version: 3.8.1 - 
2025-02-02 07:08:15.469 [main] INFO  o.a.kafka.common.utils.AppInfoParser - Kafka commitId: 70d6ff42debf7e17 - 
2025-02-02 07:08:15.470 [main] INFO  o.a.kafka.common.utils.AppInfoParser - Kafka startTimeMs: 1738480095465 - 
2025-02-02 07:08:15.478 [main] INFO  o.a.k.c.c.i.LegacyKafkaConsumer - [Consumer clientId=consumer-my-group-1, groupId=my-group] Subscribed to topic(s): repair-bid - 
2025-02-02 07:08:15.841 [main] INFO  com.sto.repair.RepairApplication - Started RepairApplication in 18.117 seconds (process running for 19.513) - 
2025-02-02 07:08:16.174 [org.springframework.kafka.KafkaListenerEndpointContainer#0-0-C-1] INFO  org.apache.kafka.clients.Metadata - [Consumer clientId=consumer-my-group-1, groupId=my-group] Cluster ID: 2gCvcXcXTaWTcpFY1ZSCDw - 
2025-02-02 07:08:16.180 [org.springframework.kafka.KafkaListenerEndpointContainer#0-0-C-1] INFO  o.a.k.c.c.i.ConsumerCoordinator - [Consumer clientId=consumer-my-group-1, groupId=my-group] Discovered group coordinator kafka:9092 (id: 2147483646 rack: null) - 
2025-02-02 07:08:16.192 [org.springframework.kafka.KafkaListenerEndpointContainer#0-0-C-1] INFO  o.a.k.c.c.i.ConsumerCoordinator - [Consumer clientId=consumer-my-group-1, groupId=my-group] (Re-)joining group - 
2025-02-02 07:08:16.231 [org.springframework.kafka.KafkaListenerEndpointContainer#0-0-C-1] INFO  o.a.k.c.c.i.ConsumerCoordinator - [Consumer clientId=consumer-my-group-1, groupId=my-group] Request joining group due to: need to re-join with the given member-id: consumer-my-group-1-33a7e5ad-3958-4f1b-8e49-6c0103c215d7 - 
2025-02-02 07:08:16.234 [org.springframework.kafka.KafkaListenerEndpointContainer#0-0-C-1] INFO  o.a.k.c.c.i.ConsumerCoordinator - [Consumer clientId=consumer-my-group-1, groupId=my-group] (Re-)joining group - 
2025-02-02 07:08:18.243 [org.springframework.kafka.KafkaListenerEndpointContainer#0-0-C-1] INFO  o.a.k.c.c.i.ConsumerCoordinator - [Consumer clientId=consumer-my-group-1, groupId=my-group] Successfully joined group with generation Generation{generationId=5, memberId='consumer-my-group-1-33a7e5ad-3958-4f1b-8e49-6c0103c215d7', protocol='range'} - 
2025-02-02 07:08:18.322 [org.springframework.kafka.KafkaListenerEndpointContainer#0-0-C-1] INFO  o.a.k.c.c.i.ConsumerCoordinator - [Consumer clientId=consumer-my-group-1, groupId=my-group] Successfully synced group in generation Generation{generationId=5, memberId='consumer-my-group-1-33a7e5ad-3958-4f1b-8e49-6c0103c215d7', protocol='range'} - 
2025-02-02 07:08:18.328 [org.springframework.kafka.KafkaListenerEndpointContainer#0-0-C-1] INFO  o.a.k.c.c.i.ConsumerCoordinator - [Consumer clientId=consumer-my-group-1, groupId=my-group] Notifying assignor about the new Assignment(partitions=[repair-bid-0]) - 
2025-02-02 07:08:18.335 [org.springframework.kafka.KafkaListenerEndpointContainer#0-0-C-1] INFO  o.a.k.c.c.i.ConsumerRebalanceListenerInvoker - [Consumer clientId=consumer-my-group-1, groupId=my-group] Adding newly assigned partitions: repair-bid-0 - 
2025-02-02 07:08:18.362 [org.springframework.kafka.KafkaListenerEndpointContainer#0-0-C-1] INFO  o.a.k.c.c.internals.ConsumerUtils - Setting offset for partition repair-bid-0 to the committed offset FetchPosition{offset=0, offsetEpoch=Optional.empty, currentLeader=LeaderAndEpoch{leader=Optional[kafka:9092 (id: 1 rack: null)], epoch=0}} - 
2025-02-02 07:08:18.365 [org.springframework.kafka.KafkaListenerEndpointContainer#0-0-C-1] INFO  o.s.k.l.KafkaMessageListenerContainer - my-group: partitions assigned: [repair-bid-0] - 
2025-02-02 07:16:11.604 [org.springframework.kafka.KafkaListenerEndpointContainer#0-0-C-1] INFO  c.sto.repair.service.KafkaConsumer - Received message: {"id":2,"customer":{"id":1,"firstName":"Иван","lastName":"Петров","middleName":null,"phone":"+79123456792"},"vehicle":{"id":1,"make":"Toyota","model":"Camry","year":2020,"vin":"JTMZF33V70D123456","mileage":85000,"licensePlate":"А123ВЕ 77","engineType":"JTMZF33V70D123456"},"complaint":"Двигатель троит, повышенный расход топлива.","sentForRepair":false,"preferredDt":"2025-02-01","createdDt":"2025-02-02T07:09:15.109033","attachments":[{"id":2,"fileName":"engine_noise.mp4","fileType":"video/mp4","url":"https://sto.com/uploads/engine_noise.mp4"}],"notes":"Клиент просит перезвонить перед ремонтом"} - requestId=5c80ffbc-d843-4da4-80a1-6df5af80959a
2025-02-02 07:16:13.154 [org.springframework.kafka.KafkaListenerEndpointContainer#0-0-C-1] INFO  c.s.r.service.impl.RepairServiceImpl - Analyzing issues of vehicle in bidId: 2 - requestId=5c80ffbc-d843-4da4-80a1-6df5af80959a
2025-02-02 07:16:13.224 [org.springframework.kafka.KafkaListenerEndpointContainer#0-0-C-1] INFO  c.s.r.service.impl.RepairServiceImpl - Starting repair process for bidId: 2 - requestId=5c80ffbc-d843-4da4-80a1-6df5af80959a
2025-02-02 07:16:13.358 [org.springframework.kafka.KafkaListenerEndpointContainer#0-0-C-1] INFO  c.sto.repair.util.WorkImitationUtil - BidId 2 starting repair - requestId=5c80ffbc-d843-4da4-80a1-6df5af80959a
2025-02-02 07:16:13.488 [org.springframework.kafka.KafkaListenerEndpointContainer#0-0-C-1] INFO  c.s.repair.service.ActiveMQProducer - Message bidId 2 sent with delay of 4000 ms - requestId=5c80ffbc-d843-4da4-80a1-6df5af80959a
2025-02-02 07:16:17.535 [org.springframework.jms.JmsListenerEndpointContainer#0-1] INFO  c.s.repair.service.ActiveMQConsumer - Received message: 2 - 
2025-02-02 07:16:17.547 [org.springframework.jms.JmsListenerEndpointContainer#0-1] INFO  c.sto.repair.util.WorkImitationUtil - BidId 2 successfully processed - requestId=762e82dd-011e-427b-854c-a63176fb7fd7
2025-02-02 07:16:17.562 [org.springframework.jms.JmsListenerEndpointContainer#0-1] INFO  c.s.r.u.FinishRepairEventPublisher - Publishing repair finish event for bidId 2 - requestId=762e82dd-011e-427b-854c-a63176fb7fd7
2025-02-02 07:16:17.563 [org.springframework.jms.JmsListenerEndpointContainer#0-1] INFO  c.s.r.util.FinishRepairEventListener - Received finish repair event for bidId 2  - requestId=cf14fa9d-00aa-48ba-bf8a-d24ac05b2583
2025-02-02 07:16:17.564 [org.springframework.jms.JmsListenerEndpointContainer#0-1] INFO  c.s.r.service.impl.RepairServiceImpl - Repair of bidId 2 finished and sending to form check - requestId=cf14fa9d-00aa-48ba-bf8a-d24ac05b2583
2025-02-02 07:16:17.642 [org.springframework.jms.JmsListenerEndpointContainer#0-1] INFO  o.a.k.c.t.i.KafkaMetricsCollector - initializing Kafka metrics collector - requestId=cf14fa9d-00aa-48ba-bf8a-d24ac05b2583
2025-02-02 07:16:17.668 [org.springframework.jms.JmsListenerEndpointContainer#0-1] INFO  o.a.k.clients.producer.KafkaProducer - [Producer clientId=repair-producer-1] Instantiated an idempotent producer. - requestId=cf14fa9d-00aa-48ba-bf8a-d24ac05b2583
2025-02-02 07:16:17.702 [org.springframework.jms.JmsListenerEndpointContainer#0-1] INFO  o.a.kafka.common.utils.AppInfoParser - Kafka version: 3.8.1 - requestId=cf14fa9d-00aa-48ba-bf8a-d24ac05b2583
2025-02-02 07:16:17.703 [org.springframework.jms.JmsListenerEndpointContainer#0-1] INFO  o.a.kafka.common.utils.AppInfoParser - Kafka commitId: 70d6ff42debf7e17 - requestId=cf14fa9d-00aa-48ba-bf8a-d24ac05b2583
2025-02-02 07:16:17.704 [org.springframework.jms.JmsListenerEndpointContainer#0-1] INFO  o.a.kafka.common.utils.AppInfoParser - Kafka startTimeMs: 1738480577702 - requestId=cf14fa9d-00aa-48ba-bf8a-d24ac05b2583
2025-02-02 07:16:17.717 [kafka-producer-network-thread | repair-producer-1] INFO  org.apache.kafka.clients.Metadata - [Producer clientId=repair-producer-1] Cluster ID: 2gCvcXcXTaWTcpFY1ZSCDw - 
2025-02-02 07:16:17.718 [kafka-producer-network-thread | repair-producer-1] INFO  o.a.k.c.p.i.TransactionManager - [Producer clientId=repair-producer-1] ProducerId set to 1 with epoch 0 - 
2025-02-02 07:16:17.730 [org.springframework.jms.JmsListenerEndpointContainer#0-1] INFO  c.sto.repair.service.KafkaProducer - BidId Bid(id=2, customer=Customer(id=1, firstName=Иван, lastName=Петров, middleName=null, phone=+79123456792), vehicle=Vehicle(id=1, make=Toyota, model=Camry, year=2020, vin=JTMZF33V70D123456, mileage=85000, licensePlate=А123ВЕ 77, engineType=JTMZF33V70D123456), complaint=Двигатель троит, повышенный расход топлива., status=DONE, preferredDt=2025-02-01, estimatedRepairDt=2025-02-02, createdDt=2025-02-02T07:16:13.226662, repairReceivedDt=2025-02-02T07:16:13.154288, repairFinishedDt=2025-02-02T07:16:17.548796, attachments=[Attachment(id=2, fileName=engine_noise.mp4, fileType=video/mp4, url=https://sto.com/uploads/engine_noise.mp4)], notes=Клиент просит перезвонить перед ремонтом, issues=[Issue(code=S001, description=Обнаружен отказ двигателя, repairTimeInHours=0.001390)]) sent to form check - requestId=cf14fa9d-00aa-48ba-bf8a-d24ac05b2583
2025-02-02 07:16:23.115 [http-nio-8091-exec-1] INFO  o.a.c.c.C.[Tomcat].[localhost].[/] - Initializing Spring DispatcherServlet 'dispatcherServlet' - 
2025-02-02 07:16:23.118 [http-nio-8091-exec-1] INFO  o.s.web.servlet.DispatcherServlet - Initializing Servlet 'dispatcherServlet' - 
2025-02-02 07:16:23.126 [http-nio-8091-exec-1] INFO  o.s.web.servlet.DispatcherServlet - Completed initialization in 6 ms - 
2025-02-02 07:16:23.223 [http-nio-8091-exec-1] INFO  com.sto.repair.config.LoggingFilter - Request[uri: /repair-status/bids/2, content-type: null, method: GET, address: 172.30.0.1, query: null, body: ] - requestId=4bd154a6-0217-4a1c-83b4-127d720ae21d
2025-02-02 07:16:23.439 [http-nio-8091-exec-1] INFO  com.sto.repair.config.LoggingFilter - Response[status: 200, body: {"status":"SUCCESS","message":null,"data":{"id":2,"customer":{"id":1,"firstName":"Иван","lastName":"Петров","middleName":null,"phone":"+79123456792"},"vehicle":{"id":1,"make":"Toyota","model":"Camry","year":2020,"vin":"JTMZF33V70D123456","mileage":85000,"licensePlate":"А123ВЕ 77","engineType":"JTMZF33V70D123456"},"complaint":"Двигатель троит, повышенный расход топлива.","status":"DONE","preferredDt":"2025-02-01","estimatedRepairDt":"2025-02-02","createdDt":"2025-02-02T07:16:13.226662","repairReceivedDt":"2025-02-02T07:16:13.154288","repairFinishedDt":"2025-02-02T07:16:17.548796","attachments":[{"id":2,"fileName":"engine_noise.mp4","fileType":"video/mp4","url":"https://sto.com/uploads/engine_noise.mp4"}],"notes":"Клиент просит перезвонить перед ремонтом","issues":[{"code":"S001","description":"Обнаружен отказ двигателя","repairTimeInHours":0.001390}]}}] - requestId=4bd154a6-0217-4a1c-83b4-127d720ae21d
2025-02-02 07:16:30.011 [http-nio-8091-exec-3] INFO  com.sto.repair.config.LoggingFilter - Request[uri: /repair-status/bids/1, content-type: null, method: GET, address: 172.30.0.1, query: null, body: ] - requestId=a241c9a4-1a70-4d7a-9eea-759f2146eb2a
2025-02-02 07:16:30.021 [http-nio-8091-exec-3] ERROR c.s.r.service.impl.RepairServiceImpl - BidId 1 not found - requestId=a241c9a4-1a70-4d7a-9eea-759f2146eb2a
2025-02-02 07:16:30.038 [http-nio-8091-exec-3] INFO  com.sto.repair.config.LoggingFilter - Response[status: 200, body: {"status":"NOT_FOUND","message":"Сущность не найдена","data":null}] - requestId=a241c9a4-1a70-4d7a-9eea-759f2146eb2a
2025-02-02 07:17:16.435 [org.springframework.kafka.KafkaListenerEndpointContainer#0-0-C-1] INFO  o.apache.kafka.clients.NetworkClient - [Consumer clientId=consumer-my-group-1, groupId=my-group] Node -1 disconnected. - 
2025-02-02 07:25:17.903 [kafka-producer-network-thread | repair-producer-1] INFO  o.apache.kafka.clients.NetworkClient - [Producer clientId=repair-producer-1] Node -1 disconnected. - 
2025-02-02 07:27:16.282 [org.springframework.kafka.KafkaListenerEndpointContainer#0-0-C-1] INFO  o.apache.kafka.clients.NetworkClient - [Consumer clientId=consumer-my-group-1, groupId=my-group] Node -1 disconnected. - 
2025-02-02 07:35:17.347 [org.springframework.kafka.KafkaListenerEndpointContainer#0-0-C-1] INFO  o.a.k.c.c.i.ConsumerRebalanceListenerInvoker - [Consumer clientId=consumer-my-group-1, groupId=my-group] Revoke previously assigned partitions repair-bid-0 - 
2025-02-02 07:35:17.370 [org.springframework.kafka.KafkaListenerEndpointContainer#0-0-C-1] INFO  o.s.k.l.KafkaMessageListenerContainer - my-group: partitions revoked: [repair-bid-0] - 
2025-02-02 07:35:17.377 [org.springframework.kafka.KafkaListenerEndpointContainer#0-0-C-1] INFO  o.a.k.c.c.i.ConsumerCoordinator - [Consumer clientId=consumer-my-group-1, groupId=my-group] Member consumer-my-group-1-33a7e5ad-3958-4f1b-8e49-6c0103c215d7 sending LeaveGroup request to coordinator kafka:9092 (id: 2147483646 rack: null) due to the consumer unsubscribed from all topics - 
2025-02-02 07:35:17.386 [org.springframework.kafka.KafkaListenerEndpointContainer#0-0-C-1] INFO  o.a.k.c.c.i.ConsumerCoordinator - [Consumer clientId=consumer-my-group-1, groupId=my-group] Resetting generation and member id due to: consumer pro-actively leaving the group - 
2025-02-02 07:35:17.387 [org.springframework.kafka.KafkaListenerEndpointContainer#0-0-C-1] INFO  o.a.k.c.c.i.ConsumerCoordinator - [Consumer clientId=consumer-my-group-1, groupId=my-group] Request joining group due to: consumer pro-actively leaving the group - 
2025-02-02 07:35:17.387 [org.springframework.kafka.KafkaListenerEndpointContainer#0-0-C-1] INFO  o.a.k.c.c.i.LegacyKafkaConsumer - [Consumer clientId=consumer-my-group-1, groupId=my-group] Unsubscribed all topics or patterns and assigned partitions - 
2025-02-02 07:35:17.423 [org.springframework.kafka.KafkaListenerEndpointContainer#0-0-C-1] INFO  o.a.k.c.c.i.ConsumerCoordinator - [Consumer clientId=consumer-my-group-1, groupId=my-group] Resetting generation and member id due to: consumer pro-actively leaving the group - 
2025-02-02 07:35:17.424 [org.springframework.kafka.KafkaListenerEndpointContainer#0-0-C-1] INFO  o.a.k.c.c.i.ConsumerCoordinator - [Consumer clientId=consumer-my-group-1, groupId=my-group] Request joining group due to: consumer pro-actively leaving the group - 
2025-02-02 07:35:17.619 [org.springframework.kafka.KafkaListenerEndpointContainer#0-0-C-1] INFO  o.a.kafka.common.metrics.Metrics - Metrics scheduler closed - 
2025-02-02 07:35:17.620 [org.springframework.kafka.KafkaListenerEndpointContainer#0-0-C-1] INFO  o.a.kafka.common.metrics.Metrics - Closing reporter org.apache.kafka.common.metrics.JmxReporter - 
2025-02-02 07:35:17.623 [org.springframework.kafka.KafkaListenerEndpointContainer#0-0-C-1] INFO  o.a.kafka.common.metrics.Metrics - Closing reporter org.apache.kafka.common.telemetry.internals.ClientTelemetryReporter - 
2025-02-02 07:35:17.624 [org.springframework.kafka.KafkaListenerEndpointContainer#0-0-C-1] INFO  o.a.kafka.common.metrics.Metrics - Metrics reporters closed - 
2025-02-02 07:35:17.672 [org.springframework.kafka.KafkaListenerEndpointContainer#0-0-C-1] INFO  o.a.kafka.common.utils.AppInfoParser - App info kafka.consumer for consumer-my-group-1 unregistered - 
2025-02-02 07:35:17.679 [org.springframework.kafka.KafkaListenerEndpointContainer#0-0-C-1] INFO  o.s.k.l.KafkaMessageListenerContainer - my-group: Consumer stopped - 
2025-02-02 07:35:17.709 [SpringApplicationShutdownHook] INFO  o.s.b.w.e.tomcat.GracefulShutdown - Commencing graceful shutdown. Waiting for active requests to complete - 
2025-02-02 07:35:17.755 [tomcat-shutdown] INFO  o.s.b.w.e.tomcat.GracefulShutdown - Graceful shutdown complete - 
2025-02-02 07:35:17.787 [SpringApplicationShutdownHook] INFO  o.a.k.clients.producer.KafkaProducer - [Producer clientId=repair-producer-1] Closing the Kafka producer with timeoutMillis = 30000 ms. - 
2025-02-02 07:35:17.792 [kafka-producer-network-thread | repair-producer-1] INFO  o.apache.kafka.clients.NetworkClient - [Producer clientId=repair-producer-1] Node -1 disconnected. - 
2025-02-02 07:35:17.816 [SpringApplicationShutdownHook] INFO  o.a.kafka.common.metrics.Metrics - Metrics scheduler closed - 
2025-02-02 07:35:17.817 [SpringApplicationShutdownHook] INFO  o.a.kafka.common.metrics.Metrics - Closing reporter org.apache.kafka.common.metrics.JmxReporter - 
2025-02-02 07:35:17.818 [SpringApplicationShutdownHook] INFO  o.a.kafka.common.metrics.Metrics - Closing reporter org.apache.kafka.common.telemetry.internals.ClientTelemetryReporter - 
2025-02-02 07:35:17.819 [SpringApplicationShutdownHook] INFO  o.a.kafka.common.metrics.Metrics - Metrics reporters closed - 
2025-02-02 07:35:17.823 [SpringApplicationShutdownHook] INFO  o.a.kafka.common.utils.AppInfoParser - App info kafka.producer for repair-producer-1 unregistered - 
2025-02-02 07:35:17.855 [SpringApplicationShutdownHook] INFO  o.s.o.j.LocalContainerEntityManagerFactoryBean - Closing JPA EntityManagerFactory for persistence unit 'default' - 
2025-02-02 07:35:17.929 [SpringApplicationShutdownHook] INFO  com.zaxxer.hikari.HikariDataSource - HikariPool-1 - Shutdown initiated... - 
2025-02-02 07:35:17.961 [SpringApplicationShutdownHook] INFO  com.zaxxer.hikari.HikariDataSource - HikariPool-1 - Shutdown completed. - 
2025-02-02 07:35:23.460 [background-preinit] INFO  o.h.validator.internal.util.Version - HV000001: Hibernate Validator 8.0.2.Final - 
2025-02-02 07:35:23.602 [main] INFO  com.sto.repair.RepairApplication - Starting RepairApplication v0.0.1-SNAPSHOT using Java 21.0.6 with PID 1 (/app/app.jar started by root in /app) - 
2025-02-02 07:35:23.605 [main] INFO  com.sto.repair.RepairApplication - The following 1 profile is active: "test" - 
2025-02-02 07:35:25.338 [main] INFO  o.s.d.r.c.RepositoryConfigurationDelegate - Bootstrapping Spring Data JPA repositories in DEFAULT mode. - 
2025-02-02 07:35:25.446 [main] INFO  o.s.d.r.c.RepositoryConfigurationDelegate - Finished Spring Data repository scanning in 89 ms. Found 3 JPA repository interfaces. - 
2025-02-02 07:35:26.842 [main] INFO  o.s.b.w.e.tomcat.TomcatWebServer - Tomcat initialized with port 8091 (http) - 
2025-02-02 07:35:26.882 [main] INFO  o.a.coyote.http11.Http11NioProtocol - Initializing ProtocolHandler ["http-nio-8091"] - 
2025-02-02 07:35:26.896 [main] INFO  o.a.catalina.core.StandardService - Starting service [Tomcat] - 
2025-02-02 07:35:26.902 [main] INFO  o.a.catalina.core.StandardEngine - Starting Servlet engine: [Apache Tomcat/10.1.34] - 
2025-02-02 07:35:27.018 [main] INFO  o.a.c.c.C.[Tomcat].[localhost].[/] - Initializing Spring embedded WebApplicationContext - 
2025-02-02 07:35:27.020 [main] INFO  o.s.b.w.s.c.ServletWebServerApplicationContext - Root WebApplicationContext: initialization completed in 3321 ms - 
2025-02-02 07:35:28.654 [main] INFO  liquibase.database - Set default schema name to public - 
2025-02-02 07:35:29.383 [main] INFO  liquibase.changelog - Reading resource: db/changelog/20250131_init.xml - 
2025-02-02 07:35:29.467 [main] INFO  liquibase.changelog - Reading resource: db/changelog/20250201_insert_issue_code.xml - 
2025-02-02 07:35:29.630 [main] INFO  liquibase.changelog - Reading from public.databasechangelog - 
2025-02-02 07:35:29.768 [main] INFO  liquibase.ui - Database is up to date, no changesets to execute - 
2025-02-02 07:35:29.773 [main] INFO  liquibase.changelog - Reading from public.databasechangelog - 
2025-02-02 07:35:29.789 [main] INFO  liquibase.util - UPDATE SUMMARY - 
2025-02-02 07:35:29.790 [main] INFO  liquibase.util - Run:                          0 - 
2025-02-02 07:35:29.791 [main] INFO  liquibase.util - Previously run:               8 - 
2025-02-02 07:35:29.792 [main] INFO  liquibase.util - Filtered out:                 0 - 
2025-02-02 07:35:29.794 [main] INFO  liquibase.util - ------------------------------- - 
2025-02-02 07:35:29.794 [main] INFO  liquibase.util - Total change sets:            8 - 
2025-02-02 07:35:29.797 [main] INFO  liquibase.util - Update summary generated - 
2025-02-02 07:35:29.799 [main] INFO  liquibase.command - Command execution complete - 
2025-02-02 07:35:29.878 [main] INFO  com.zaxxer.hikari.HikariDataSource - HikariPool-1 - Starting... - 
2025-02-02 07:35:29.925 [main] INFO  com.zaxxer.hikari.pool.HikariPool - HikariPool-1 - Added connection org.postgresql.jdbc.PgConnection@48af5f38 - 
2025-02-02 07:35:29.929 [main] INFO  com.zaxxer.hikari.HikariDataSource - HikariPool-1 - Start completed. - 
2025-02-02 07:35:30.006 [main] INFO  o.h.jpa.internal.util.LogHelper - HHH000204: Processing PersistenceUnitInfo [name: default] - 
2025-02-02 07:35:30.095 [main] INFO  org.hibernate.Version - HHH000412: Hibernate ORM core version 6.6.5.Final - 
2025-02-02 07:35:30.143 [main] INFO  o.h.c.i.RegionFactoryInitiator - HHH000026: Second-level cache disabled - 
2025-02-02 07:35:30.597 [main] INFO  o.s.o.j.p.SpringPersistenceUnitInfo - No LoadTimeWeaver setup: ignoring JPA class transformer - 
2025-02-02 07:35:30.689 [main] WARN  org.hibernate.orm.deprecation - HHH90000025: PostgreSQLDialect does not need to be specified explicitly using 'hibernate.dialect' (remove the property setting and it will be selected by default) - 
2025-02-02 07:35:30.712 [main] INFO  o.hibernate.orm.connections.pooling - HHH10001005: Database info:
	Database JDBC URL [Connecting through datasource 'HikariDataSource (HikariPool-1)']
	Database driver: undefined/unknown
	Database version: 15.3
	Autocommit mode: undefined/unknown
	Isolation level: undefined/unknown
	Minimum pool size: undefined/unknown
	Maximum pool size: undefined/unknown - 
2025-02-02 07:35:32.562 [main] INFO  o.h.e.t.j.p.i.JtaPlatformInitiator - HHH000489: No JTA platform available (set 'hibernate.transaction.jta.platform' to enable JTA platform integration) - 
2025-02-02 07:35:32.568 [main] INFO  o.s.o.j.LocalContainerEntityManagerFactoryBean - Initialized JPA EntityManagerFactory for persistence unit 'default' - 
2025-02-02 07:35:33.853 [main] WARN  o.s.b.a.o.j.JpaBaseConfiguration$JpaWebConfiguration - spring.jpa.open-in-view is enabled by default. Therefore, database queries may be performed during view rendering. Explicitly configure spring.jpa.open-in-view to disable this warning - 
2025-02-02 07:35:35.008 [main] INFO  o.a.coyote.http11.Http11NioProtocol - Starting ProtocolHandler ["http-nio-8091"] - 
2025-02-02 07:35:35.034 [main] INFO  o.s.b.w.e.tomcat.TomcatWebServer - Tomcat started on port 8091 (http) with context path '/' - 
2025-02-02 07:35:35.150 [main] INFO  o.a.k.c.consumer.ConsumerConfig - ConsumerConfig values: 
	allow.auto.create.topics = true
	auto.commit.interval.ms = 5000
	auto.include.jmx.reporter = true
	auto.offset.reset = latest
	bootstrap.servers = [kafka:9092]
	check.crcs = true
	client.dns.lookup = use_all_dns_ips
	client.id = consumer-my-group-1
	client.rack = 
	connections.max.idle.ms = 540000
	default.api.timeout.ms = 60000
	enable.auto.commit = false
	enable.metrics.push = true
	exclude.internal.topics = true
	fetch.max.bytes = 52428800
	fetch.max.wait.ms = 500
	fetch.min.bytes = 1
	group.id = my-group
	group.instance.id = null
	group.protocol = classic
	group.remote.assignor = null
	heartbeat.interval.ms = 3000
	interceptor.classes = []
	internal.leave.group.on.close = true
	internal.throw.on.fetch.stable.offset.unsupported = false
	isolation.level = read_uncommitted
	key.deserializer = class org.apache.kafka.common.serialization.StringDeserializer
	max.partition.fetch.bytes = 1048576
	max.poll.interval.ms = 300000
	max.poll.records = 500
	metadata.max.age.ms = 300000
	metadata.recovery.strategy = none
	metric.reporters = []
	metrics.num.samples = 2
	metrics.recording.level = INFO
	metrics.sample.window.ms = 30000
	partition.assignment.strategy = [class org.apache.kafka.clients.consumer.RangeAssignor, class org.apache.kafka.clients.consumer.CooperativeStickyAssignor]
	receive.buffer.bytes = 65536
	reconnect.backoff.max.ms = 1000
	reconnect.backoff.ms = 50
	request.timeout.ms = 30000
	retry.backoff.max.ms = 1000
	retry.backoff.ms = 100
	sasl.client.callback.handler.class = null
	sasl.jaas.config = null
	sasl.kerberos.kinit.cmd = /usr/bin/kinit
	sasl.kerberos.min.time.before.relogin = 60000
	sasl.kerberos.service.name = null
	sasl.kerberos.ticket.renew.jitter = 0.05
	sasl.kerberos.ticket.renew.window.factor = 0.8
	sasl.login.callback.handler.class = null
	sasl.login.class = null
	sasl.login.connect.timeout.ms = null
	sasl.login.read.timeout.ms = null
	sasl.login.refresh.buffer.seconds = 300
	sasl.login.refresh.min.period.seconds = 60
	sasl.login.refresh.window.factor = 0.8
	sasl.login.refresh.window.jitter = 0.05
	sasl.login.retry.backoff.max.ms = 10000
	sasl.login.retry.backoff.ms = 100
	sasl.mechanism = GSSAPI
	sasl.oauthbearer.clock.skew.seconds = 30
	sasl.oauthbearer.expected.audience = null
	sasl.oauthbearer.expected.issuer = null
	sasl.oauthbearer.jwks.endpoint.refresh.ms = 3600000
	sasl.oauthbearer.jwks.endpoint.retry.backoff.max.ms = 10000
	sasl.oauthbearer.jwks.endpoint.retry.backoff.ms = 100
	sasl.oauthbearer.jwks.endpoint.url = null
	sasl.oauthbearer.scope.claim.name = scope
	sasl.oauthbearer.sub.claim.name = sub
	sasl.oauthbearer.token.endpoint.url = null
	security.protocol = PLAINTEXT
	security.providers = null
	send.buffer.bytes = 131072
	session.timeout.ms = 45000
	socket.connection.setup.timeout.max.ms = 30000
	socket.connection.setup.timeout.ms = 10000
	ssl.cipher.suites = null
	ssl.enabled.protocols = [TLSv1.2, TLSv1.3]
	ssl.endpoint.identification.algorithm = https
	ssl.engine.factory.class = null
	ssl.key.password = null
	ssl.keymanager.algorithm = SunX509
	ssl.keystore.certificate.chain = null
	ssl.keystore.key = null
	ssl.keystore.location = null
	ssl.keystore.password = null
	ssl.keystore.type = JKS
	ssl.protocol = TLSv1.3
	ssl.provider = null
	ssl.secure.random.implementation = null
	ssl.trustmanager.algorithm = PKIX
	ssl.truststore.certificates = null
	ssl.truststore.location = null
	ssl.truststore.password = null
	ssl.truststore.type = JKS
	value.deserializer = class org.apache.kafka.common.serialization.StringDeserializer
 - 
2025-02-02 07:35:35.298 [main] INFO  o.a.k.c.t.i.KafkaMetricsCollector - initializing Kafka metrics collector - 
2025-02-02 07:35:35.671 [main] INFO  o.a.kafka.common.utils.AppInfoParser - Kafka version: 3.8.1 - 
2025-02-02 07:35:35.671 [main] INFO  o.a.kafka.common.utils.AppInfoParser - Kafka commitId: 70d6ff42debf7e17 - 
2025-02-02 07:35:35.672 [main] INFO  o.a.kafka.common.utils.AppInfoParser - Kafka startTimeMs: 1738481735669 - 
2025-02-02 07:35:35.680 [main] INFO  o.a.k.c.c.i.LegacyKafkaConsumer - [Consumer clientId=consumer-my-group-1, groupId=my-group] Subscribed to topic(s): repair-bid - 
2025-02-02 07:35:36.032 [main] INFO  com.sto.repair.RepairApplication - Started RepairApplication in 13.631 seconds (process running for 14.781) - 
2025-02-02 07:35:36.446 [org.springframework.kafka.KafkaListenerEndpointContainer#0-0-C-1] INFO  org.apache.kafka.clients.Metadata - [Consumer clientId=consumer-my-group-1, groupId=my-group] Cluster ID: 2gCvcXcXTaWTcpFY1ZSCDw - 
2025-02-02 07:35:36.448 [org.springframework.kafka.KafkaListenerEndpointContainer#0-0-C-1] INFO  o.a.k.c.c.i.ConsumerCoordinator - [Consumer clientId=consumer-my-group-1, groupId=my-group] Discovered group coordinator kafka:9092 (id: 2147483646 rack: null) - 
2025-02-02 07:35:36.453 [org.springframework.kafka.KafkaListenerEndpointContainer#0-0-C-1] INFO  o.a.k.c.c.i.ConsumerCoordinator - [Consumer clientId=consumer-my-group-1, groupId=my-group] (Re-)joining group - 
2025-02-02 07:35:36.486 [org.springframework.kafka.KafkaListenerEndpointContainer#0-0-C-1] INFO  o.a.k.c.c.i.ConsumerCoordinator - [Consumer clientId=consumer-my-group-1, groupId=my-group] Request joining group due to: need to re-join with the given member-id: consumer-my-group-1-7633f516-0dc0-408e-98dc-61b9d6370473 - 
2025-02-02 07:35:36.487 [org.springframework.kafka.KafkaListenerEndpointContainer#0-0-C-1] INFO  o.a.k.c.c.i.ConsumerCoordinator - [Consumer clientId=consumer-my-group-1, groupId=my-group] (Re-)joining group - 
2025-02-02 07:35:37.453 [org.springframework.kafka.KafkaListenerEndpointContainer#0-0-C-1] INFO  o.a.k.c.c.i.ConsumerCoordinator - [Consumer clientId=consumer-my-group-1, groupId=my-group] Successfully joined group with generation Generation{generationId=7, memberId='consumer-my-group-1-7633f516-0dc0-408e-98dc-61b9d6370473', protocol='range'} - 
2025-02-02 07:35:37.494 [org.springframework.kafka.KafkaListenerEndpointContainer#0-0-C-1] INFO  o.a.k.c.c.i.ConsumerCoordinator - [Consumer clientId=consumer-my-group-1, groupId=my-group] Successfully synced group in generation Generation{generationId=7, memberId='consumer-my-group-1-7633f516-0dc0-408e-98dc-61b9d6370473', protocol='range'} - 
2025-02-02 07:35:37.500 [org.springframework.kafka.KafkaListenerEndpointContainer#0-0-C-1] INFO  o.a.k.c.c.i.ConsumerCoordinator - [Consumer clientId=consumer-my-group-1, groupId=my-group] Notifying assignor about the new Assignment(partitions=[repair-bid-0]) - 
2025-02-02 07:35:37.507 [org.springframework.kafka.KafkaListenerEndpointContainer#0-0-C-1] INFO  o.a.k.c.c.i.ConsumerRebalanceListenerInvoker - [Consumer clientId=consumer-my-group-1, groupId=my-group] Adding newly assigned partitions: repair-bid-0 - 
2025-02-02 07:35:37.534 [org.springframework.kafka.KafkaListenerEndpointContainer#0-0-C-1] INFO  o.a.k.c.c.internals.ConsumerUtils - Setting offset for partition repair-bid-0 to the committed offset FetchPosition{offset=1, offsetEpoch=Optional.empty, currentLeader=LeaderAndEpoch{leader=Optional[kafka:9092 (id: 1 rack: null)], epoch=0}} - 
2025-02-02 07:35:37.536 [org.springframework.kafka.KafkaListenerEndpointContainer#0-0-C-1] INFO  o.s.k.l.KafkaMessageListenerContainer - my-group: partitions assigned: [repair-bid-0] - 
2025-02-02 07:37:05.245 [http-nio-8091-exec-1] INFO  o.a.c.c.C.[Tomcat].[localhost].[/] - Initializing Spring DispatcherServlet 'dispatcherServlet' - 
2025-02-02 07:37:05.247 [http-nio-8091-exec-1] INFO  o.s.web.servlet.DispatcherServlet - Initializing Servlet 'dispatcherServlet' - 
2025-02-02 07:37:05.257 [http-nio-8091-exec-1] INFO  o.s.web.servlet.DispatcherServlet - Completed initialization in 9 ms - 
2025-02-02 07:37:07.070 [http-nio-8091-exec-10] INFO  o.s.api.AbstractOpenApiResource - Init duration for springdoc-openapi is: 555 ms - 
2025-02-02 07:44:36.913 [org.springframework.kafka.KafkaListenerEndpointContainer#0-0-C-1] INFO  o.apache.kafka.clients.NetworkClient - [Consumer clientId=consumer-my-group-1, groupId=my-group] Node -1 disconnected. - 
2025-02-02 07:48:34.402 [org.springframework.kafka.KafkaListenerEndpointContainer#0-0-C-1] INFO  o.a.k.c.c.i.ConsumerRebalanceListenerInvoker - [Consumer clientId=consumer-my-group-1, groupId=my-group] Revoke previously assigned partitions repair-bid-0 - 
2025-02-02 07:48:34.404 [org.springframework.kafka.KafkaListenerEndpointContainer#0-0-C-1] INFO  o.s.k.l.KafkaMessageListenerContainer - my-group: partitions revoked: [repair-bid-0] - 
2025-02-02 07:48:34.406 [org.springframework.kafka.KafkaListenerEndpointContainer#0-0-C-1] INFO  o.a.k.c.c.i.ConsumerCoordinator - [Consumer clientId=consumer-my-group-1, groupId=my-group] Member consumer-my-group-1-7633f516-0dc0-408e-98dc-61b9d6370473 sending LeaveGroup request to coordinator kafka:9092 (id: 2147483646 rack: null) due to the consumer unsubscribed from all topics - 
2025-02-02 07:48:34.408 [org.springframework.kafka.KafkaListenerEndpointContainer#0-0-C-1] INFO  o.a.k.c.c.i.ConsumerCoordinator - [Consumer clientId=consumer-my-group-1, groupId=my-group] Resetting generation and member id due to: consumer pro-actively leaving the group - 
2025-02-02 07:48:34.408 [org.springframework.kafka.KafkaListenerEndpointContainer#0-0-C-1] INFO  o.a.k.c.c.i.ConsumerCoordinator - [Consumer clientId=consumer-my-group-1, groupId=my-group] Request joining group due to: consumer pro-actively leaving the group - 
2025-02-02 07:48:34.409 [org.springframework.kafka.KafkaListenerEndpointContainer#0-0-C-1] INFO  o.a.k.c.c.i.LegacyKafkaConsumer - [Consumer clientId=consumer-my-group-1, groupId=my-group] Unsubscribed all topics or patterns and assigned partitions - 
2025-02-02 07:48:34.414 [org.springframework.kafka.KafkaListenerEndpointContainer#0-0-C-1] INFO  o.a.k.c.c.i.ConsumerCoordinator - [Consumer clientId=consumer-my-group-1, groupId=my-group] Resetting generation and member id due to: consumer pro-actively leaving the group - 
2025-02-02 07:48:34.415 [org.springframework.kafka.KafkaListenerEndpointContainer#0-0-C-1] INFO  o.a.k.c.c.i.ConsumerCoordinator - [Consumer clientId=consumer-my-group-1, groupId=my-group] Request joining group due to: consumer pro-actively leaving the group - 
2025-02-02 07:48:34.729 [org.springframework.kafka.KafkaListenerEndpointContainer#0-0-C-1] INFO  o.a.kafka.common.metrics.Metrics - Metrics scheduler closed - 
2025-02-02 07:48:34.730 [org.springframework.kafka.KafkaListenerEndpointContainer#0-0-C-1] INFO  o.a.kafka.common.metrics.Metrics - Closing reporter org.apache.kafka.common.metrics.JmxReporter - 
2025-02-02 07:48:34.731 [org.springframework.kafka.KafkaListenerEndpointContainer#0-0-C-1] INFO  o.a.kafka.common.metrics.Metrics - Closing reporter org.apache.kafka.common.telemetry.internals.ClientTelemetryReporter - 
2025-02-02 07:48:34.732 [org.springframework.kafka.KafkaListenerEndpointContainer#0-0-C-1] INFO  o.a.kafka.common.metrics.Metrics - Metrics reporters closed - 
2025-02-02 07:48:34.743 [org.springframework.kafka.KafkaListenerEndpointContainer#0-0-C-1] INFO  o.a.kafka.common.utils.AppInfoParser - App info kafka.consumer for consumer-my-group-1 unregistered - 
2025-02-02 07:48:34.745 [org.springframework.kafka.KafkaListenerEndpointContainer#0-0-C-1] INFO  o.s.k.l.KafkaMessageListenerContainer - my-group: Consumer stopped - 
2025-02-02 07:48:34.752 [SpringApplicationShutdownHook] INFO  o.s.b.w.e.tomcat.GracefulShutdown - Commencing graceful shutdown. Waiting for active requests to complete - 
2025-02-02 07:48:34.847 [tomcat-shutdown] INFO  o.s.b.w.e.tomcat.GracefulShutdown - Graceful shutdown complete - 
2025-02-02 07:48:34.858 [SpringApplicationShutdownHook] INFO  o.s.o.j.LocalContainerEntityManagerFactoryBean - Closing JPA EntityManagerFactory for persistence unit 'default' - 
2025-02-02 07:48:34.865 [SpringApplicationShutdownHook] INFO  com.zaxxer.hikari.HikariDataSource - HikariPool-1 - Shutdown initiated... - 
2025-02-02 07:48:34.870 [SpringApplicationShutdownHook] INFO  com.zaxxer.hikari.HikariDataSource - HikariPool-1 - Shutdown completed. - 
