2025-02-03 03:16:54.555 [http-nio-8089-exec-3] INFO  com.sto.bid.config.LoggingFilter - Request[uri: /bids, content-type: application/json, method: POST, address: 192.168.0.1, query: null, body: {
  "customerId": 1,
  "vehicleId": 1,
  "complaint": "Двигатель троит, повышенный расход топлива.",
  "attachments": [
    {
      "fileName": "engine_noise.mp4",
      "fileType": "video/mp4",
      "url": "https://sto.com/uploads/engine_noise.mp4"
    }
  ],
  "preferredDate": "2025-02-01",
  "notes": "Клиент просит перезвонить перед ремонтом"
}
] - requestId=d7b295a1-2331-4f60-9d4d-113d4fc276ea
2025-02-03 03:16:54.617 [http-nio-8089-exec-3] INFO  com.sto.bid.config.LoggingFilter - Response[status: 200, body: {"status":"SUCCESS","message":null,"data":{"bidId":9}}] - requestId=d7b295a1-2331-4f60-9d4d-113d4fc276ea
2025-02-03 03:17:01.321 [http-nio-8089-exec-4] INFO  com.sto.bid.config.LoggingFilter - Request[uri: /bids/9/process, content-type: null, method: POST, address: 192.168.0.1, query: null, body: ] - requestId=e26326c3-70bc-46d5-8b62-9bff6c95eac7
2025-02-03 03:17:01.352 [http-nio-8089-exec-4] INFO  com.sto.bid.service.KafkaProducer - Bid message send successfully - requestId=e26326c3-70bc-46d5-8b62-9bff6c95eac7
2025-02-03 03:17:01.353 [http-nio-8089-exec-4] INFO  c.s.bid.service.impl.BidServiceImpl - Bid message sending for bidId 9 - requestId=e26326c3-70bc-46d5-8b62-9bff6c95eac7
2025-02-03 03:17:01.364 [http-nio-8089-exec-4] INFO  com.sto.bid.config.LoggingFilter - Response[status: 200, body: {"status":"SUCCESS","message":null,"data":null}] - requestId=e26326c3-70bc-46d5-8b62-9bff6c95eac7
2025-02-03 03:17:55.856 [SpringApplicationShutdownHook] INFO  o.s.b.w.e.tomcat.GracefulShutdown - Commencing graceful shutdown. Waiting for active requests to complete - 
2025-02-03 03:17:55.860 [tomcat-shutdown] INFO  o.s.b.w.e.tomcat.GracefulShutdown - Graceful shutdown complete - 
2025-02-03 03:17:55.866 [SpringApplicationShutdownHook] INFO  o.a.k.clients.producer.KafkaProducer - [Producer clientId=bid-producer-1] Closing the Kafka producer with timeoutMillis = 30000 ms. - 
2025-02-03 03:17:55.878 [SpringApplicationShutdownHook] INFO  o.a.kafka.common.metrics.Metrics - Metrics scheduler closed - 
2025-02-03 03:17:55.878 [SpringApplicationShutdownHook] INFO  o.a.kafka.common.metrics.Metrics - Closing reporter org.apache.kafka.common.metrics.JmxReporter - 
2025-02-03 03:17:55.879 [SpringApplicationShutdownHook] INFO  o.a.kafka.common.metrics.Metrics - Closing reporter org.apache.kafka.common.telemetry.internals.ClientTelemetryReporter - 
2025-02-03 03:17:55.879 [SpringApplicationShutdownHook] INFO  o.a.kafka.common.metrics.Metrics - Metrics reporters closed - 
2025-02-03 03:17:55.881 [SpringApplicationShutdownHook] INFO  o.a.kafka.common.utils.AppInfoParser - App info kafka.producer for bid-producer-1 unregistered - 
2025-02-03 03:17:55.887 [SpringApplicationShutdownHook] INFO  o.s.o.j.LocalContainerEntityManagerFactoryBean - Closing JPA EntityManagerFactory for persistence unit 'default' - 
2025-02-03 03:17:55.893 [SpringApplicationShutdownHook] INFO  com.zaxxer.hikari.HikariDataSource - HikariPool-1 - Shutdown initiated... - 
2025-02-03 03:17:55.897 [SpringApplicationShutdownHook] INFO  com.zaxxer.hikari.HikariDataSource - HikariPool-1 - Shutdown completed. - 
