2025-02-03 03:13:55.106 [kafka-coordinator-heartbeat-thread | my-group] INFO  o.a.k.c.c.i.ConsumerCoordinator - [Consumer clientId=consumer-my-group-1, groupId=my-group] Group coordinator kafka:9092 (id: 2147483646 rack: null) is unavailable or invalid due to cause: session timed out without receiving a heartbeat response. isDisconnected: false. Rediscovery will be attempted. - 
2025-02-03 03:13:55.149 [kafka-coordinator-heartbeat-thread | my-group] INFO  o.a.k.c.c.i.ConsumerCoordinator - [Consumer clientId=consumer-my-group-1, groupId=my-group] Requesting disconnect from last known coordinator kafka:9092 (id: 2147483646 rack: null) - 
2025-02-03 03:13:55.150 [kafka-coordinator-heartbeat-thread | my-group] INFO  o.apache.kafka.clients.NetworkClient - [Consumer clientId=consumer-my-group-1, groupId=my-group] Client requested disconnect from node 2147483646 - 
2025-02-03 03:13:55.158 [org.springframework.kafka.KafkaListenerEndpointContainer#0-0-C-1] INFO  o.a.k.c.c.i.ConsumerCoordinator - [Consumer clientId=consumer-my-group-1, groupId=my-group] Discovered group coordinator kafka:9092 (id: 2147483646 rack: null) - 
2025-02-03 03:13:55.159 [org.springframework.kafka.KafkaListenerEndpointContainer#0-0-C-1] INFO  o.a.k.c.c.i.ConsumerCoordinator - [Consumer clientId=consumer-my-group-1, groupId=my-group] Group coordinator kafka:9092 (id: 2147483646 rack: null) is unavailable or invalid due to cause: coordinator unavailable. isDisconnected: false. Rediscovery will be attempted. - 
2025-02-03 03:13:55.160 [org.springframework.kafka.KafkaListenerEndpointContainer#0-0-C-1] INFO  o.a.k.c.c.i.ConsumerCoordinator - [Consumer clientId=consumer-my-group-1, groupId=my-group] Requesting disconnect from last known coordinator kafka:9092 (id: 2147483646 rack: null) - 
2025-02-03 03:13:55.249 [org.springframework.kafka.KafkaListenerEndpointContainer#0-0-C-1] INFO  o.a.k.c.c.i.ConsumerCoordinator - [Consumer clientId=consumer-my-group-1, groupId=my-group] Discovered group coordinator kafka:9092 (id: 2147483646 rack: null) - 
2025-02-03 03:17:57.015 [org.springframework.kafka.KafkaListenerEndpointContainer#0-0-C-1] INFO  o.a.k.c.c.i.ConsumerRebalanceListenerInvoker - [Consumer clientId=consumer-my-group-1, groupId=my-group] Revoke previously assigned partitions check-bid-0 - 
2025-02-03 03:17:57.016 [org.springframework.kafka.KafkaListenerEndpointContainer#0-0-C-1] INFO  o.s.k.l.KafkaMessageListenerContainer - my-group: partitions revoked: [check-bid-0] - 
2025-02-03 03:17:57.017 [org.springframework.kafka.KafkaListenerEndpointContainer#0-0-C-1] INFO  o.a.k.c.c.i.ConsumerCoordinator - [Consumer clientId=consumer-my-group-1, groupId=my-group] Member consumer-my-group-1-5286d263-b2eb-4e2c-b1d1-b2448a56b8d8 sending LeaveGroup request to coordinator kafka:9092 (id: 2147483646 rack: null) due to the consumer unsubscribed from all topics - 
2025-02-03 03:17:57.018 [org.springframework.kafka.KafkaListenerEndpointContainer#0-0-C-1] INFO  o.a.k.c.c.i.ConsumerCoordinator - [Consumer clientId=consumer-my-group-1, groupId=my-group] Resetting generation and member id due to: consumer pro-actively leaving the group - 
2025-02-03 03:17:57.019 [org.springframework.kafka.KafkaListenerEndpointContainer#0-0-C-1] INFO  o.a.k.c.c.i.ConsumerCoordinator - [Consumer clientId=consumer-my-group-1, groupId=my-group] Request joining group due to: consumer pro-actively leaving the group - 
2025-02-03 03:17:57.019 [org.springframework.kafka.KafkaListenerEndpointContainer#0-0-C-1] INFO  o.a.k.c.c.i.LegacyKafkaConsumer - [Consumer clientId=consumer-my-group-1, groupId=my-group] Unsubscribed all topics or patterns and assigned partitions - 
2025-02-03 03:17:57.025 [org.springframework.kafka.KafkaListenerEndpointContainer#0-0-C-1] INFO  o.a.k.c.c.i.ConsumerCoordinator - [Consumer clientId=consumer-my-group-1, groupId=my-group] Resetting generation and member id due to: consumer pro-actively leaving the group - 
2025-02-03 03:17:57.025 [org.springframework.kafka.KafkaListenerEndpointContainer#0-0-C-1] INFO  o.a.k.c.c.i.ConsumerCoordinator - [Consumer clientId=consumer-my-group-1, groupId=my-group] Request joining group due to: consumer pro-actively leaving the group - 
2025-02-03 03:17:57.115 [org.springframework.kafka.KafkaListenerEndpointContainer#0-0-C-1] INFO  o.a.kafka.common.metrics.Metrics - Metrics scheduler closed - 
2025-02-03 03:17:57.115 [org.springframework.kafka.KafkaListenerEndpointContainer#0-0-C-1] INFO  o.a.kafka.common.metrics.Metrics - Closing reporter org.apache.kafka.common.metrics.JmxReporter - 
2025-02-03 03:17:57.116 [org.springframework.kafka.KafkaListenerEndpointContainer#0-0-C-1] INFO  o.a.kafka.common.metrics.Metrics - Closing reporter org.apache.kafka.common.telemetry.internals.ClientTelemetryReporter - 
2025-02-03 03:17:57.116 [org.springframework.kafka.KafkaListenerEndpointContainer#0-0-C-1] INFO  o.a.kafka.common.metrics.Metrics - Metrics reporters closed - 
2025-02-03 03:17:57.124 [org.springframework.kafka.KafkaListenerEndpointContainer#0-0-C-1] INFO  o.a.kafka.common.utils.AppInfoParser - App info kafka.consumer for consumer-my-group-1 unregistered - 
2025-02-03 03:17:57.125 [org.springframework.kafka.KafkaListenerEndpointContainer#0-0-C-1] INFO  o.s.k.l.KafkaMessageListenerContainer - my-group: Consumer stopped - 
2025-02-03 03:17:57.129 [SpringApplicationShutdownHook] INFO  o.s.b.w.e.tomcat.GracefulShutdown - Commencing graceful shutdown. Waiting for active requests to complete - 
2025-02-03 03:17:57.134 [tomcat-shutdown] INFO  o.s.b.w.e.tomcat.GracefulShutdown - Graceful shutdown complete - 
2025-02-03 03:17:57.142 [SpringApplicationShutdownHook] INFO  o.s.o.j.LocalContainerEntityManagerFactoryBean - Closing JPA EntityManagerFactory for persistence unit 'default' - 
2025-02-03 03:17:57.148 [SpringApplicationShutdownHook] INFO  com.zaxxer.hikari.HikariDataSource - HikariPool-1 - Shutdown initiated... - 
2025-02-03 03:17:57.152 [SpringApplicationShutdownHook] INFO  com.zaxxer.hikari.HikariDataSource - HikariPool-1 - Shutdown completed. - 
